[23:21:08] [Server thread/INFO]: Starting minecraft server version 1.14.4
[23:21:08] [Server thread/INFO]: Loading properties
[23:21:08] [Server thread/INFO]: This server is running Paper version git-Paper-243 (MC: 1.14.4) (Implementing API version 1.14.4-R0.1-SNAPSHOT)
[23:21:08] [Server thread/INFO]: Server Ping Player Sample Count: 12
[23:21:08] [Server thread/INFO]: Using 4 threads for Netty based IO
[23:21:08] [Server thread/INFO]: Debug logging is disabled
[23:21:08] [Server thread/WARN]: You specified a resource pack without providing a sha1 hash. Pack will be updated on the client only if you change the name of the pack.
[23:21:08] [Server thread/INFO]: Default game type: SURVIVAL
[23:21:08] [Server thread/INFO]: Generating keypair
[23:21:08] [Server thread/INFO]: Starting Minecraft server on *:27015
[23:21:08] [Server thread/INFO]: Using epoll channel type
[23:21:11] [Server thread/WARN]: Plugin dynmap v2.5-Dev201706100405 does not specify an api-version.
[23:21:11] [Server thread/WARN]: Plugin SilkSpawners v5.0.2 does not specify an api-version.
[23:21:11] [Server thread/INFO]: [dynmap] Loading dynmap v2.5-Dev201706100405
[23:21:11] [Server thread/INFO]: [dynmap] version=git-Paper-243 (MC: 1.14.4)
[23:21:11] [Server thread/ERROR]: [dynmap] Unable to find method getById for net.minecraft.server.v1_14_R1.Block
[23:21:11] [Server thread/ERROR]: [dynmap] Unable to find method a for net.minecraft.server.v1_14_R1.BiomeBase
[23:21:11] [Server thread/ERROR]: [dynmap] Unable to find field temperature for net.minecraft.server.v1_14_R1.BiomeBase
[23:21:11] [Server thread/ERROR]: [dynmap] Unable to find field humidity for net.minecraft.server.v1_14_R1.BiomeBase
[23:21:11] [Server thread/ERROR]: [dynmap] Unable to find field y for net.minecraft.server.v1_14_R1.BiomeBase
[23:21:11] [Server thread/INFO]: [dynmap] Unload queue not found - default to unload all chunks
[23:21:12] [Server thread/INFO]: [dynmap] inhabitedTicks field not found - inhabited shader not functional
[23:21:12] [Server thread/ERROR]: [dynmap] Unable to find method b for net.minecraft.server.v1_14_R1.WorldBorder
[23:21:12] [Server thread/ERROR]: [org.bukkit.craftbukkit.v1_14_R1.CraftServer] Error initializing dynmap - bukkit version incompatible! initializing dynmap v2.5-Dev201706100405 (Is it up to date?)
java.lang.IllegalArgumentException: Error initializing dynmap - bukkit version incompatible!
	at org.dynmap.bukkit.BukkitVersionHelperGeneric.<init>(BukkitVersionHelperGeneric.java:129) ~[?:?]
	at org.dynmap.bukkit.BukkitVersionHelperCB.<init>(BukkitVersionHelperCB.java:39) ~[?:?]
	at org.dynmap.bukkit.BukkitVersionHelper.getHelper(BukkitVersionHelper.java:42) ~[?:?]
	at org.dynmap.bukkit.DynmapPlugin.onLoad(DynmapPlugin.java:756) ~[?:?]
	at org.bukkit.craftbukkit.v1_14_R1.CraftServer.loadPlugins(CraftServer.java:360) ~[patched_1.14.4.jar:git-Paper-243]
	at net.minecraft.server.v1_14_R1.DedicatedServer.init(DedicatedServer.java:226) ~[patched_1.14.4.jar:git-Paper-243]
	at net.minecraft.server.v1_14_R1.MinecraftServer.run(MinecraftServer.java:876) ~[patched_1.14.4.jar:git-Paper-243]
	at java.lang.Thread.run(Thread.java:834) [?:?]
[23:21:12] [Server thread/INFO]: [WorldEdit] Loading WorldEdit v7.0.1;61bc012
[23:21:12] [Server thread/INFO]: Got request to register class com.sk89q.worldedit.bukkit.BukkitServerInterface with WorldEdit [com.sk89q.worldedit.extension.platform.PlatformManager@6048b32f]
[23:21:12] [Server thread/INFO]: [Timber] Loading Timber v1.0.7
[23:21:12] [Server thread/INFO]: [InvSort] Loading InvSort v1.1.0
[23:21:12] [Server thread/INFO]: [SinglePlayerSleep] Loading SinglePlayerSleep v1.13_2.13.38
[23:21:12] [Server thread/INFO]: [Vault] Loading Vault v1.7.2-b107
[23:21:12] [Server thread/INFO]: [SilkSpawners] Loading SilkSpawners v5.0.2
[23:21:12] [Server thread/INFO]: [Multiverse-Core] Loading Multiverse-Core v4.1.0-b775
[23:21:12] [Server thread/INFO]: [PetMaster] Loading PetMaster v1.10.2
[23:21:12] [Server thread/INFO]: [MyPet] Loading MyPet v3.9
[23:21:12] [Server thread/INFO]: [de.Keyle.MyPet.MyPetPlugin] [[0;32;22mMyPet[m] [mError-Reporter ENABLED[m
[23:21:13] [Server thread/INFO]: [Essentials] Loading Essentials v2.17.2.45
[23:21:13] [Server thread/INFO]: [Multiverse-SignPortals] Loading Multiverse-SignPortals v4.1.0-b748
[23:21:13] [Server thread/INFO]: [VeinMiner] Loading VeinMiner v1.15.0
[23:21:13] [Server thread/INFO]: [TheNewEconomy] Loading TheNewEconomy v0.1.1.9
[23:21:13] [Server thread/INFO]: [TheNewEconomy] Loading The New Economy with Java Version: 11.0.6
[23:21:13] [Server thread/INFO]: [TheNewEconomy] Hooked into Vault
[23:21:13] [Server thread/INFO]: [TempFly] Loading TempFly v2.0.1
[23:21:13] [Server thread/INFO]: Server permissions file permissions.yml is empty, ignoring it
[23:21:13] [Server thread/INFO]: [WorldEdit] Enabling WorldEdit v7.0.1;61bc012
[23:21:13] [Server thread/INFO]: WEPIF: Using the Bukkit Permissions API.
[23:21:13] [Server thread/INFO]: Using com.sk89q.worldedit.bukkit.adapter.impl.Spigot_v1_14_R4 as the Bukkit adapter
[23:21:14] [Server thread/INFO]: [Vault] Enabling Vault v1.7.2-b107
[23:21:14] [Server thread/INFO]: [Vault] [Economy] Essentials Economy found: Waiting
[23:21:14] [Server thread/INFO]: [Vault] [Permission] SuperPermissions loaded as backup permission system.
[23:21:14] [Server thread/INFO]: [Vault] Enabled Version 1.7.2-b107
[23:21:14] [Server thread/INFO]: WEPIF: Vault detected! Using Vault for permissions
[23:21:14] [Server thread/INFO]: Preparing level "world"
[23:21:14] [Server thread/INFO]: Reloading ResourceManager: Default, bukkit
[23:21:15] [Server thread/INFO]: Loaded 6 recipes
[23:21:15] [Server thread/INFO]: -------- World Settings For [world] --------
[23:21:15] [Server thread/INFO]: Experience Merge Radius: 3.0
[23:21:15] [Server thread/INFO]: Mob Spawn Range: 8
[23:21:15] [Server thread/INFO]: Cactus Growth Modifier: 100%
[23:21:15] [Server thread/INFO]: Cane Growth Modifier: 100%
[23:21:15] [Server thread/INFO]: Melon Growth Modifier: 100%
[23:21:15] [Server thread/INFO]: Mushroom Growth Modifier: 100%
[23:21:15] [Server thread/INFO]: Pumpkin Growth Modifier: 100%
[23:21:15] [Server thread/INFO]: Sapling Growth Modifier: 100%
[23:21:15] [Server thread/INFO]: Beetroot Growth Modifier: 100%
[23:21:15] [Server thread/INFO]: Carrot Growth Modifier: 100%
[23:21:15] [Server thread/INFO]: Potato Growth Modifier: 100%
[23:21:15] [Server thread/INFO]: Wheat Growth Modifier: 100%
[23:21:15] [Server thread/INFO]: NetherWart Growth Modifier: 100%
[23:21:15] [Server thread/INFO]: Vine Growth Modifier: 100%
[23:21:15] [Server thread/INFO]: Cocoa Growth Modifier: 100%
[23:21:15] [Server thread/INFO]: Bamboo Growth Modifier: 100%
[23:21:15] [Server thread/INFO]: SweetBerry Growth Modifier: 100%
[23:21:15] [Server thread/INFO]: Kelp Growth Modifier: 100%
[23:21:15] [Server thread/INFO]: Entity Activation Range: An 32 / Mo 32 / Ra 48 / Mi 16 / Tiv true
[23:21:15] [Server thread/INFO]: Entity Tracking Range: Pl 48 / An 48 / Mo 48 / Mi 32 / Other 64
[23:21:15] [Server thread/INFO]: Hopper Transfer: 8 Hopper Check: 1 Hopper Amount: 1
[23:21:15] [Server thread/INFO]: Custom Map Seeds:  Village: 10387312 Desert: 14357617 Igloo: 14357618 Jungle: 14357619 Swamp: 14357620 Monument: 10387313Ocean: 14357621 Shipwreck: 165745295 Slime: 987234911
[23:21:15] [Server thread/INFO]: Max TNT Explosions: 100
[23:21:15] [Server thread/INFO]: Tile Max Tick Time: 50ms Entity max Tick Time: 50ms
[23:21:15] [Server thread/INFO]: View Distance: 10
[23:21:15] [Server thread/INFO]: Allow Zombie Pigmen to spawn from portal blocks: true
[23:21:15] [Server thread/INFO]: Item Merge Radius: 2.5
[23:21:15] [Server thread/INFO]: Item Despawn Rate: 6000
[23:21:15] [Server thread/INFO]: Arrow Despawn Rate: 1200
[23:21:15] [Server thread/INFO]: Zombie Aggressive Towards Villager: true
[23:21:15] [Server thread/INFO]: Nerfing mobs spawned from spawners: false
[23:21:15] [Server thread/INFO]: Registering commands with com.sk89q.worldedit.bukkit.BukkitServerInterface
[23:21:16] [Server thread/INFO]: -------- World Settings For [world_nether] --------
[23:21:16] [Server thread/INFO]: Experience Merge Radius: 3.0
[23:21:16] [Server thread/INFO]: Mob Spawn Range: 8
[23:21:16] [Server thread/INFO]: Cactus Growth Modifier: 100%
[23:21:16] [Server thread/INFO]: Cane Growth Modifier: 100%
[23:21:16] [Server thread/INFO]: Melon Growth Modifier: 100%
[23:21:16] [Server thread/INFO]: Mushroom Growth Modifier: 100%
[23:21:16] [Server thread/INFO]: Pumpkin Growth Modifier: 100%
[23:21:16] [Server thread/INFO]: Sapling Growth Modifier: 100%
[23:21:16] [Server thread/INFO]: Beetroot Growth Modifier: 100%
[23:21:16] [Server thread/INFO]: Carrot Growth Modifier: 100%
[23:21:16] [Server thread/INFO]: Potato Growth Modifier: 100%
[23:21:16] [Server thread/INFO]: Wheat Growth Modifier: 100%
[23:21:16] [Server thread/INFO]: NetherWart Growth Modifier: 100%
[23:21:16] [Server thread/INFO]: Vine Growth Modifier: 100%
[23:21:16] [Server thread/INFO]: Cocoa Growth Modifier: 100%
[23:21:16] [Server thread/INFO]: Bamboo Growth Modifier: 100%
[23:21:16] [Server thread/INFO]: SweetBerry Growth Modifier: 100%
[23:21:16] [Server thread/INFO]: Kelp Growth Modifier: 100%
[23:21:16] [Server thread/INFO]: Entity Activation Range: An 32 / Mo 32 / Ra 48 / Mi 16 / Tiv true
[23:21:16] [Server thread/INFO]: Entity Tracking Range: Pl 48 / An 48 / Mo 48 / Mi 32 / Other 64
[23:21:16] [Server thread/INFO]: Hopper Transfer: 8 Hopper Check: 1 Hopper Amount: 1
[23:21:16] [Server thread/INFO]: Custom Map Seeds:  Village: 10387312 Desert: 14357617 Igloo: 14357618 Jungle: 14357619 Swamp: 14357620 Monument: 10387313Ocean: 14357621 Shipwreck: 165745295 Slime: 987234911
[23:21:16] [Server thread/INFO]: Max TNT Explosions: 100
[23:21:16] [Server thread/INFO]: Tile Max Tick Time: 50ms Entity max Tick Time: 50ms
[23:21:16] [Server thread/INFO]: View Distance: 10
[23:21:16] [Server thread/INFO]: Allow Zombie Pigmen to spawn from portal blocks: true
[23:21:16] [Server thread/INFO]: Item Merge Radius: 2.5
[23:21:16] [Server thread/INFO]: Item Despawn Rate: 6000
[23:21:16] [Server thread/INFO]: Arrow Despawn Rate: 1200
[23:21:16] [Server thread/INFO]: Zombie Aggressive Towards Villager: true
[23:21:16] [Server thread/INFO]: Nerfing mobs spawned from spawners: false
[23:21:16] [Server thread/INFO]: -------- World Settings For [world_the_end] --------
[23:21:16] [Server thread/INFO]: Experience Merge Radius: 3.0
[23:21:16] [Server thread/INFO]: Mob Spawn Range: 8
[23:21:16] [Server thread/INFO]: Cactus Growth Modifier: 100%
[23:21:16] [Server thread/INFO]: Cane Growth Modifier: 100%
[23:21:16] [Server thread/INFO]: Melon Growth Modifier: 100%
[23:21:16] [Server thread/INFO]: Mushroom Growth Modifier: 100%
[23:21:16] [Server thread/INFO]: Pumpkin Growth Modifier: 100%
[23:21:16] [Server thread/INFO]: Sapling Growth Modifier: 100%
[23:21:16] [Server thread/INFO]: Beetroot Growth Modifier: 100%
[23:21:16] [Server thread/INFO]: Carrot Growth Modifier: 100%
[23:21:16] [Server thread/INFO]: Potato Growth Modifier: 100%
[23:21:16] [Server thread/INFO]: Wheat Growth Modifier: 100%
[23:21:16] [Server thread/INFO]: NetherWart Growth Modifier: 100%
[23:21:16] [Server thread/INFO]: Vine Growth Modifier: 100%
[23:21:16] [Server thread/INFO]: Cocoa Growth Modifier: 100%
[23:21:16] [Server thread/INFO]: Bamboo Growth Modifier: 100%
[23:21:16] [Server thread/INFO]: SweetBerry Growth Modifier: 100%
[23:21:16] [Server thread/INFO]: Kelp Growth Modifier: 100%
[23:21:16] [Server thread/INFO]: Entity Activation Range: An 32 / Mo 32 / Ra 48 / Mi 16 / Tiv true
[23:21:16] [Server thread/INFO]: Entity Tracking Range: Pl 48 / An 48 / Mo 48 / Mi 32 / Other 64
[23:21:16] [Server thread/INFO]: Hopper Transfer: 8 Hopper Check: 1 Hopper Amount: 1
[23:21:16] [Server thread/INFO]: Custom Map Seeds:  Village: 10387312 Desert: 14357617 Igloo: 14357618 Jungle: 14357619 Swamp: 14357620 Monument: 10387313Ocean: 14357621 Shipwreck: 165745295 Slime: 987234911
[23:21:16] [Server thread/INFO]: Max TNT Explosions: 100
[23:21:16] [Server thread/INFO]: Tile Max Tick Time: 50ms Entity max Tick Time: 50ms
[23:21:16] [Server thread/INFO]: View Distance: 10
[23:21:16] [Server thread/INFO]: Allow Zombie Pigmen to spawn from portal blocks: true
[23:21:16] [Server thread/INFO]: Item Merge Radius: 2.5
[23:21:16] [Server thread/INFO]: Item Despawn Rate: 6000
[23:21:16] [Server thread/INFO]: Arrow Despawn Rate: 1200
[23:21:16] [Server thread/INFO]: Zombie Aggressive Towards Villager: true
[23:21:16] [Server thread/INFO]: Nerfing mobs spawned from spawners: false
[23:21:16] [Server thread/INFO]: Preparing start region for dimension 'world'/minecraft:overworld
[23:21:16] [Server thread/INFO]: Preparing spawn area: 0%
[23:21:16] [Server thread/INFO]: Preparing spawn area: 0%
[23:21:17] [Server thread/INFO]: Preparing spawn area: 100%
[23:21:17] [Server thread/INFO]: Loaded 441 spawn chunks for world world
[23:21:17] [Server thread/INFO]: Time elapsed: 1133 ms
[23:21:17] [Server thread/INFO]: Preparing start region for dimension 'world_nether'/minecraft:the_nether
[23:21:17] [Server thread/INFO]: Preparing spawn area: 0%
[23:21:17] [Server-Worker-4/INFO]: Preparing spawn area: 100%
[23:21:18] [Server-Worker-1/INFO]: Preparing spawn area: 100%
[23:21:18] [Server thread/INFO]: Loaded 441 spawn chunks for world world_nether
[23:21:18] [Server thread/INFO]: Time elapsed: 1399 ms
[23:21:18] [Server thread/INFO]: Preparing start region for dimension 'world_the_end'/minecraft:the_end
[23:21:18] [Server thread/INFO]: Preparing spawn area: 0%
[23:21:19] [Server-Worker-5/INFO]: Preparing spawn area: 100%
[23:21:19] [Server thread/INFO]: Loaded 441 spawn chunks for world world_the_end
[23:21:19] [Server thread/INFO]: Time elapsed: 920 ms
[23:21:19] [Server thread/INFO]: [dynmap] Enabling dynmap v2.5-Dev201706100405*
[23:21:19] [Server thread/INFO]: [dynmap] Dynmap is disabled (unsupported platform)
[23:21:19] [Server thread/INFO]: [Timber] Enabling Timber v1.0.7
[23:21:19] [Server thread/INFO]: Timber Log Materials: [BIRCH_LOG, ACACIA_LOG, OAK_LOG, DARK_OAK_LOG, JUNGLE_LOG, SPRUCE_LOG]
[23:21:19] [Server thread/INFO]: Timber Axe Materials: [GOLDEN_AXE, STONE_AXE, WOODEN_AXE, DIAMOND_AXE, IRON_AXE]
[23:21:19] [Server thread/INFO]: [InvSort] Enabling InvSort v1.1.0
[23:21:19] [Server thread/INFO]: [SinglePlayerSleep] Enabling SinglePlayerSleep v1.13_2.13.38
[23:21:19] [Server thread/INFO]: [1m[33mSinglePlayerSleep 1.13_2.13.38[0m displaycancel=true[0m
[23:21:19] [Server thread/INFO]: [1m[33m**************************************[0m
[23:21:19] [Server thread/INFO]: [1m[32mSinglePlayerSleep v1.13_2.13.38[0m Loading...
[23:21:19] [Server thread/INFO]: [1m[33mSinglePlayerSleep 1.13_2.13.38[0m plugins/SinglePlayerSleep/config.yml[0m
[23:21:19] [Server thread/INFO]: Checking for updates...
[23:21:19] [Server thread/INFO]: [1m[33m**************************************[0m
[23:21:19] [Server thread/INFO]: [1m[32mSinglePlayerSleep v1.13_2.13.38[0m is [1mENABLED[0m
[23:21:19] [Server thread/INFO]: [1m[33m**************************************[0m
[23:21:19] [Server thread/INFO]: [1m[33mSinglePlayerSleep 1.13_2.13.38[0m MC vgit-Paper-243 (MC: 1.14.4) debug=false in plugins/SinglePlayerSleep/config.yml[0m
[23:21:19] [Server thread/INFO]: [SilkSpawners] Enabling SilkSpawners v5.0.2*
[23:21:19] [Server thread/INFO]: [SilkSpawners] This version of the plugin is NOT compatible with your Minecraft version!
[23:21:19] [Server thread/INFO]: [SilkSpawners] Please check your versions to make sure they match!
[23:21:19] [Server thread/INFO]: [SilkSpawners] Disabling now!
[23:21:19] [Server thread/INFO]: [SilkSpawners] Compatible versions are: [v1_5_R1, v1_5_R2, v1_5_R3, v1_6_R1, v1_6_R2, v1_6_R3, v1_7_R1, v1_7_R2, v1_7_R3, v1_7_R4, v1_8_R1, v1_8_R2, v1_8_R3, v1_9_R1, v1_9_R2, v1_10_R1, v1_11_R1, v1_12_R1]
[23:21:19] [Server thread/INFO]: [SilkSpawners] Your version is: v1_14_R1
[23:21:19] [Server thread/INFO]: [SilkSpawners] You can disable this check by setting testMCVersion to false in the config!
[23:21:19] [Server thread/INFO]: [Multiverse-Core] Enabling Multiverse-Core v4.1.0-b775
[23:21:19] [Server thread/WARN]: [Multiverse-Core] "Multiverse-Core v4.1.0-b775" has registered a listener for org.bukkit.event.entity.EntityCreatePortalEvent on method "public void com.onarandombox.MultiverseCore.listeners.MVPortalListener.entityPortalCreate(org.bukkit.event.entity.EntityCreatePortalEvent)", but the event is Deprecated. "Server performance will be affected"; please notify the authors [Rigby, fernferret, lithium3141, main--, dumptruckman].
[23:21:19] [Server thread/INFO]: [Multiverse-Core] We are aware of the warning about the deprecated event. There is no alternative that allows us to do what we need to do. The performance impact is negligible.
[23:21:19] [Server thread/INFO]: -------- World Settings For [secret] --------
[23:21:19] [Server thread/INFO]: Experience Merge Radius: 3.0
[23:21:19] [Server thread/INFO]: Mob Spawn Range: 8
[23:21:19] [Server thread/INFO]: Cactus Growth Modifier: 100%
[23:21:19] [Server thread/INFO]: Cane Growth Modifier: 100%
[23:21:19] [Server thread/INFO]: Melon Growth Modifier: 100%
[23:21:19] [Server thread/INFO]: Mushroom Growth Modifier: 100%
[23:21:19] [Server thread/INFO]: Pumpkin Growth Modifier: 100%
[23:21:19] [Server thread/INFO]: Sapling Growth Modifier: 100%
[23:21:19] [Server thread/INFO]: Beetroot Growth Modifier: 100%
[23:21:19] [Server thread/INFO]: Carrot Growth Modifier: 100%
[23:21:19] [Server thread/INFO]: Potato Growth Modifier: 100%
[23:21:19] [Server thread/INFO]: Wheat Growth Modifier: 100%
[23:21:19] [Server thread/INFO]: NetherWart Growth Modifier: 100%
[23:21:19] [Server thread/INFO]: Vine Growth Modifier: 100%
[23:21:19] [Server thread/INFO]: Cocoa Growth Modifier: 100%
[23:21:19] [Server thread/INFO]: Bamboo Growth Modifier: 100%
[23:21:19] [Server thread/INFO]: SweetBerry Growth Modifier: 100%
[23:21:19] [Server thread/INFO]: Kelp Growth Modifier: 100%
[23:21:19] [Server thread/INFO]: Entity Activation Range: An 32 / Mo 32 / Ra 48 / Mi 16 / Tiv true
[23:21:19] [Server thread/INFO]: Entity Tracking Range: Pl 48 / An 48 / Mo 48 / Mi 32 / Other 64
[23:21:19] [Server thread/INFO]: Hopper Transfer: 8 Hopper Check: 1 Hopper Amount: 1
[23:21:19] [Server thread/INFO]: Custom Map Seeds:  Village: 10387312 Desert: 14357617 Igloo: 14357618 Jungle: 14357619 Swamp: 14357620 Monument: 10387313Ocean: 14357621 Shipwreck: 165745295 Slime: 987234911
[23:21:19] [Server thread/INFO]: Max TNT Explosions: 100
[23:21:19] [Server thread/INFO]: Tile Max Tick Time: 50ms Entity max Tick Time: 50ms
[23:21:19] [Server thread/INFO]: View Distance: 10
[23:21:19] [Server thread/INFO]: Allow Zombie Pigmen to spawn from portal blocks: true
[23:21:19] [Server thread/INFO]: Item Merge Radius: 2.5
[23:21:19] [Server thread/INFO]: Item Despawn Rate: 6000
[23:21:19] [Server thread/INFO]: Arrow Despawn Rate: 1200
[23:21:19] [Server thread/INFO]: Zombie Aggressive Towards Villager: true
[23:21:19] [Server thread/INFO]: Nerfing mobs spawned from spawners: false
[23:21:19] [Server thread/INFO]: Preparing start region for dimension 'secret'/minecraft:overworld
[23:21:19] [Server thread/INFO]: Preparing spawn area: 0%
[23:21:20] [Server thread/INFO]: Loaded 441 spawn chunks for world secret
[23:21:20] [Server thread/INFO]: Time elapsed: 363 ms
[23:21:20] [Server thread/INFO]: [Multiverse-Core] 4 - World(s) loaded.
[23:21:20] [Server thread/WARN]: Warning: Nashorn engine is planned to be removed from a future JDK release
[23:21:20] [Server thread/INFO]: [Multiverse-Core] Version 4.1.0-b775 (API v24) Enabled - By Rigby, fernferret, lithium3141, main-- and dumptruckman
[23:21:20] [Server thread/INFO]: [Multiverse-Core] Help dumptruckman keep this project alive. Become a patron! https://www.patreon.com/dumptruckman
[23:21:20] [Server thread/INFO]: [Multiverse-Core] One time donations are also appreciated: https://www.paypal.me/dumptruckman
[23:21:20] [Server thread/INFO]: [PetMaster] Enabling PetMaster v1.10.2
[23:21:20] [Server thread/INFO]: [PetMaster] Registering listeners...
[23:21:20] [Server thread/INFO]: [PetMaster] Backing up and loading configuration files...
[23:21:20] [Thread-16/INFO]: [PetMaster] Checking for plugin update...
[23:21:20] [Server thread/INFO]: [PetMaster] Plugin enabled and ready to run! Took 13ms.
[23:21:20] [Server thread/INFO]: [de.Keyle.MyPet.MyPetPlugin] [[0;32;22mMyPet[m] [mEnabling MyPet v3.9[m
[23:21:20] [Server thread/INFO]: [de.Keyle.MyPet.MyPetPlugin] [[0;32;22mMyPet[m] [mNo Update available.[m
[23:21:20] [Server thread/INFO]: [de.Keyle.MyPet.MyPetPlugin] [[0;32;22mMyPet[m] [mCustom entity registry found: net.minecraft.server.v1_14_R1.RegistryBlocks[m
[23:21:20] [Server thread/INFO]: [de.Keyle.MyPet.MyPetPlugin] [[0;32;22mMyPet[m] [mCompat mode for v1_14_R1 loaded.[m
[23:21:20] [Server thread/INFO]: [de.Keyle.MyPet.MyPetPlugin] [[0;32;22mMyPet[m] [mExp calculation mode: MyPet[m
[23:21:20] [Server thread/INFO]: [de.Keyle.MyPet.MyPetPlugin] [[0;32;22mMyPet[m] [mLoading WorldGroups...[m
[23:21:20] [Server thread/INFO]: [de.Keyle.MyPet.MyPetPlugin] [[0;32;22mMyPet[m] [m   added '[0;33;22mworld[m' to 'default'[m
[23:21:20] [Server thread/INFO]: [de.Keyle.MyPet.MyPetPlugin] [[0;32;22mMyPet[m] [m   added '[0;33;22mworld_nether[m' to 'default'[m
[23:21:20] [Server thread/INFO]: [de.Keyle.MyPet.MyPetPlugin] [[0;32;22mMyPet[m] [m   added '[0;33;22mworld_the_end[m' to 'default'[m
[23:21:20] [Server thread/INFO]: [de.Keyle.MyPet.MyPetPlugin] [[0;32;22mMyPet[m] [m   added '[0;33;22msecret[m' to 'default'[m
[23:21:21] [Server thread/INFO]: [de.Keyle.MyPet.MyPetPlugin] [[0;32;22mMyPet[m] [mConnect to SQLite database...[m
[23:21:21] [Server thread/INFO]: [de.Keyle.MyPet.MyPetPlugin] [[0;32;22mMyPet[m] [mSQLite connection successful.[m
[23:21:21] [Server thread/INFO]: [de.Keyle.MyPet.MyPetPlugin] [[0;32;22mMyPet[m] [mVault (1.7.2-b107) (Economy: TheNewEconomy) (Permissions: SuperPerms) hook activated.[m
[23:21:21] [Server thread/INFO]: [de.Keyle.MyPet.MyPetPlugin] [[0;32;22mMyPet[m] [mVersion 3.9-b1525[0;32;1m ENABLED[m
[23:21:21] [Server thread/INFO]: [Essentials] Enabling Essentials v2.17.2.45
[23:21:21] [Server thread/INFO]: [Essentials] Attempting to convert old kits in config.yml to new kits.yml
[23:21:21] [Server thread/INFO]: [Essentials] No kits found to migrate.
[23:21:21] [Server thread/INFO]: [Essentials] Using 1.8.3+ BlockStateMeta provider as mob spawner provider.
[23:21:21] [Server thread/INFO]: [Essentials] Using 1.13+ flat spawn egg provider as spawn egg provider.
[23:21:21] [Server thread/INFO]: [Essentials] Using 1.9+ BasePotionData provider as potion meta provider.
[23:21:21] [Server thread/INFO]: [Essentials] Loaded 21019 items from items.json.
[23:21:21] [Server thread/INFO]: [Essentials] Using locale en_US
[23:21:21] [Server thread/INFO]: [Essentials] ServerListPingEvent: Spigot iterator API
[23:21:21] [Server thread/INFO]: [Essentials] Starting Metrics. Opt-out using the global bStats config.
[23:21:21] [Server thread/INFO]: [Vault] [Vault][Economy] Essentials Economy hooked.
[23:21:21] [Server thread/INFO]: [Essentials] Using superperms-based permissions.
[23:21:21] [Server thread/INFO]: [Essentials] Payment method found (Vault - Economy: TheNewEconomy version: 1.7.2-b107)
[23:21:21] [Server thread/INFO]: [Multiverse-SignPortals] Enabling Multiverse-SignPortals v4.1.0-b748
[23:21:21] [Server thread/INFO]: [Multiverse-SignPortals 4.1.0-b748]  Enabled - By Rigby and fernferret
[23:21:21] [Server thread/INFO]: [VeinMiner] Enabling VeinMiner v1.15.0
[23:21:21] [Server thread/INFO]: [VeinMiner] Registering events
[23:21:21] [Server thread/INFO]: [VeinMiner] Registering commands
[23:21:21] [Server thread/INFO]: [VeinMiner] Vault found. Attempting to enable economy support...
[23:21:21] [Server thread/INFO]: [VeinMiner] Economy found! Hooked successfully.
[23:21:21] [Server thread/INFO]: [VeinMiner] Enabling Plugin Metrics
[23:21:21] [Server thread/INFO]: [VeinMiner] Thanks for enabling Metrics! The anonymous stats are appreciated
[23:21:21] [Server thread/INFO]: [VeinMiner] Loading configuration options to local memory
[23:21:21] [Server thread/INFO]: [VeinMiner] Performing an update check!
[23:21:21] [Server thread/INFO]: [TheNewEconomy] Enabling TheNewEconomy v0.1.1.9
[23:21:21] [ForkJoinPool.commonPool-worker-19/INFO]: [VeinMiner] Your version of VeinMiner (1.15.0) is up to date!
[23:21:21] [Server thread/INFO]: Loading Configurations.
[23:21:21] [Server thread/INFO]: Initializing Configurations.
[23:21:21] [Server thread/INFO]: Initialized config.yml
[23:21:21] [Server thread/INFO]: Initialized commands.yml
[23:21:22] [Server thread/INFO]: Initialized messages.yml
[23:21:22] [Server thread/INFO]: Initialized players.yml
[23:21:22] [Server thread/INFO]: Initialized worlds.yml
[23:21:22] [Server thread/INFO]: [com.zaxxer.hikari.HikariDataSource] HikariPool-1 - Starting...
[23:21:22] [Server thread/INFO]: [com.zaxxer.hikari.HikariDataSource] HikariPool-1 - Start completed.
[23:21:22] [Server thread/INFO]: Updating tables, please hold.
[23:21:22] [Server thread/INFO]: Finished updating tables.
[23:21:22] [Server thread/INFO]: [TheNewEconomy] Finished loading data!
[23:21:22] [Server thread/INFO]: [TheNewEconomy] Finished loading data!
[23:21:22] [Server thread/INFO]: [TheNewEconomy] The New Economy has been enabled!
[23:21:22] [Server thread/INFO]: [TempFly] Enabling TempFly v2.0.1
[23:21:22] [Server thread/INFO]: Done (8.204s)! For help, type "help"
[23:21:22] [Server thread/INFO]: Timings Reset
[23:21:22] [Craft Scheduler Thread - 6/INFO]: [Vault] Checking for Updates ... 
[23:21:23] [Craft Scheduler Thread - 6/INFO]: [Vault] No new version available
[23:21:27] [Craft Scheduler Thread - 4/INFO]: Initialized items.yml
[23:23:30] [User Authenticator #1/INFO]: UUID of player Twiggeh99 is c2bd7ead-239f-41ab-8740-57fa1fec124a
[23:23:31] [Server thread/INFO]: Twiggeh99[/127.0.0.1:39680] logged in with entity id 426 at ([world]-198.06195633337754, 63.0625, 603.946011506604)
[23:23:50] [Server thread/INFO]: Twiggeh99 lost connection: Disconnected
[23:23:50] [Server thread/INFO]: Twiggeh99 left the game
[23:23:56] [Server thread/INFO]: Stopping server
[23:23:56] [Server thread/INFO]: [TempFly] Disabling TempFly v2.0.1
[23:23:56] [Server thread/INFO]: [TheNewEconomy] Disabling TheNewEconomy v0.1.1.9
[23:23:56] [Server thread/INFO]: [com.zaxxer.hikari.HikariDataSource] HikariPool-1 - Shutdown initiated...
[23:23:56] [Server thread/INFO]: [com.zaxxer.hikari.HikariDataSource] HikariPool-1 - Shutdown completed.
[23:23:56] [Server thread/INFO]: [TheNewEconomy] The New Economy has been disabled!
[23:23:56] [Server thread/INFO]: [VeinMiner] Disabling VeinMiner v1.15.0
[23:23:56] [Server thread/INFO]: [VeinMiner] Clearing localized data
[23:23:56] [Server thread/INFO]: [Multiverse-SignPortals] Disabling Multiverse-SignPortals v4.1.0-b748
[23:23:56] [Server thread/INFO]: [Multiverse-SignPortals] - Disabled
[23:23:56] [Server thread/INFO]: [Essentials] Disabling Essentials v2.17.2.45
[23:23:56] [Server thread/INFO]: [Vault] [Vault][Economy] Essentials Economy unhooked.
[23:23:56] [Server thread/INFO]: [de.Keyle.MyPet.MyPetPlugin] [[0;32;22mMyPet[m] [mDisabling MyPet v3.9[m
[23:23:56] [Server thread/INFO]: [PetMaster] Disabling PetMaster v1.10.2
[23:23:56] [Server thread/INFO]: [PetMaster] PetMaster has been disabled.
[23:23:56] [Server thread/INFO]: [Multiverse-Core] Disabling Multiverse-Core v4.1.0-b775
[23:23:56] [Server thread/INFO]: [Vault] Disabling Vault v1.7.2-b107
[23:23:56] [Server thread/INFO]: WEPIF: Vault detected! Using Vault for permissions
[23:23:56] [Server thread/INFO]: [SinglePlayerSleep] Disabling SinglePlayerSleep v1.13_2.13.38
[23:23:56] [Server thread/INFO]: [1m[33m**************************************[0m
[23:23:56] [Server thread/INFO]: [1m[32mSinglePlayerSleep v1.13_2.13.38[0m is [1mDISABLED[0m
[23:23:56] [Server thread/INFO]: [1m[33m**************************************[0m
[23:23:56] [Server thread/INFO]: [InvSort] Disabling InvSort v1.1.0
[23:23:56] [Server thread/INFO]: [Timber] Disabling Timber v1.0.7
[23:23:57] [Server thread/INFO]: [WorldEdit] Disabling WorldEdit v7.0.1;61bc012
[23:23:57] [Server thread/INFO]: Unregistering com.sk89q.worldedit.bukkit.BukkitServerInterface from WorldEdit
[23:23:57] [Server thread/INFO]: [dynmap] Disabling dynmap v2.5-Dev201706100405
[23:23:57] [Server thread/ERROR]: Error occurred while disabling dynmap v2.5-Dev201706100405 (Is it up to date?)
java.lang.NullPointerException: null
	at org.dynmap.bukkit.DynmapPlugin.onDisable(DynmapPlugin.java:902) ~[?:?]
	at org.bukkit.plugin.java.JavaPlugin.setEnabled(JavaPlugin.java:265) ~[patched_1.14.4.jar:git-Paper-243]
	at org.bukkit.plugin.java.JavaPluginLoader.disablePlugin(JavaPluginLoader.java:373) ~[patched_1.14.4.jar:git-Paper-243]
	at org.bukkit.plugin.SimplePluginManager.disablePlugin(SimplePluginManager.java:453) ~[patched_1.14.4.jar:git-Paper-243]
	at org.bukkit.plugin.SimplePluginManager.disablePlugins(SimplePluginManager.java:439) ~[patched_1.14.4.jar:git-Paper-243]
	at org.bukkit.plugin.SimplePluginManager.disablePlugins(SimplePluginManager.java:432) ~[patched_1.14.4.jar:git-Paper-243]
	at org.bukkit.craftbukkit.v1_14_R1.CraftServer.disablePlugins(CraftServer.java:401) ~[patched_1.14.4.jar:git-Paper-243]
	at net.minecraft.server.v1_14_R1.MinecraftServer.stop(MinecraftServer.java:733) ~[patched_1.14.4.jar:git-Paper-243]
	at net.minecraft.server.v1_14_R1.DedicatedServer.stop(DedicatedServer.java:739) ~[patched_1.14.4.jar:git-Paper-243]
	at net.minecraft.server.v1_14_R1.MinecraftServer.run(MinecraftServer.java:966) ~[patched_1.14.4.jar:git-Paper-243]
	at java.lang.Thread.run(Thread.java:834) [?:?]
[23:23:57] [Server thread/INFO]: Saving players
[23:23:57] [Server thread/INFO]: Saving worlds
[23:23:57] [Server thread/INFO]: Saving chunks for level 'world'/minecraft:overworld
[23:23:57] [Server thread/INFO]: ThreadedAnvilChunkStorage (world): All chunks are saved
[23:23:57] [Server thread/INFO]: Saving chunks for level 'world_nether'/minecraft:the_nether
[23:23:57] [Server thread/INFO]: ThreadedAnvilChunkStorage (DIM-1): All chunks are saved
[23:23:57] [Server thread/INFO]: Saving chunks for level 'world_the_end'/minecraft:the_end
[23:23:57] [Server thread/INFO]: ThreadedAnvilChunkStorage (DIM1): All chunks are saved
[23:23:57] [Server thread/INFO]: Saving chunks for level 'secret'/minecraft:secret
[23:23:57] [Server thread/INFO]: ThreadedAnvilChunkStorage (secret): All chunks are saved
[23:23:57] [Server thread/INFO]: ThreadedAnvilChunkStorage (world): All chunks are saved
[23:23:57] [Server thread/INFO]: ThreadedAnvilChunkStorage (DIM-1): All chunks are saved
[23:23:57] [Server thread/INFO]: ThreadedAnvilChunkStorage (DIM1): All chunks are saved
[23:23:57] [Server thread/INFO]: ThreadedAnvilChunkStorage (secret): All chunks are saved
